{
    "required": [
        "numero billet",
        "prenom participant",
        "nom participant",
        "telephone mobile",
        "adresse email",
        "annee de naissance",
        "sexe",
        "ville",
        "nom de lequipe",
        "moyen de paiement",
        "pays",
        "date de creation"
    ],
    "headerMap": [
        "numero billet",
        "n de transaction",
        "prenom participant",
        "nom participant",
        "paiement",
        "montant du",
        "moyen de paiement",
        "prestations",
        "achete par",
        "billet scanne",
        "identifiant",
        "email acheteur",
        "date de paiement",
        "date de creation",
        "tarif unique",
        "moins de 12 ans nee apres le 6 juillet 2013",
        "moins de 12 ans mais souhaitant un tshirt",
        "don sans participation",
        "date de naissance",
        "telephone mobile",
        "sexe",
        "adresse email",
        "ville",
        "pays",
        "nom de lequipe",
        "acceptation du reglement",
        "autorisation parentale pour les mineurs precisez nom prenom du responsable legal",
        "annee de naissance",
        "details"
    ],
    "missing": []
}