[22-Jul-2025 21:03:14 UTC] PHP Warning:  Undefined array key "mail_data" in /var/www/html/FER/inc/send-mail.php on line 5
[22-Jul-2025 21:03:23 UTC] PHP Warning:  Undefined array key "mail_data" in /var/www/html/FER/inc/send-mail.php on line 5
[23-Jul-2025 09:15:47 UTC] PHP Fatal error:  Cannot redeclare currentRole() (previously declared in /var/www/html/FER/config/config.php:43) in /var/www/html/FER/config/config.php on line 43
[23-Jul-2025 09:15:51 UTC] PHP Fatal error:  Cannot redeclare currentRole() (previously declared in /var/www/html/FER/config/config.php:43) in /var/www/html/FER/config/config.php on line 43
[23-Jul-2025 09:15:54 UTC] PHP Fatal error:  Cannot redeclare currentRole() (previously declared in /var/www/html/FER/config/config.php:43) in /var/www/html/FER/config/config.php on line 43
[23-Jul-2025 09:15:59 UTC] PHP Fatal error:  Cannot redeclare currentRole() (previously declared in /var/www/html/FER/config/config.php:43) in /var/www/html/FER/config/config.php on line 43
[23-Jul-2025 09:16:05 UTC] PHP Fatal error:  Cannot redeclare currentRole() (previously declared in /var/www/html/FER/config/config.php:43) in /var/www/html/FER/config/config.php on line 43
[23-Jul-2025 09:16:23 UTC] PHP Fatal error:  Cannot redeclare currentRole() (previously declared in /var/www/html/FER/config/config.php:43) in /var/www/html/FER/config/config.php on line 43
[23-Jul-2025 09:16:29 UTC] PHP Fatal error:  Cannot redeclare currentRole() (previously declared in /var/www/html/FER/config/config.php:43) in /var/www/html/FER/config/config.php on line 43
[23-Jul-2025 09:16:32 UTC] PHP Fatal error:  Cannot redeclare currentRole() (previously declared in /var/www/html/FER/config/config.php:43) in /var/www/html/FER/config/config.php on line 43
[23-Jul-2025 09:16:33 UTC] PHP Fatal error:  Cannot redeclare currentRole() (previously declared in /var/www/html/FER/config/config.php:43) in /var/www/html/FER/config/config.php on line 43
[23-Jul-2025 09:16:34 UTC] PHP Fatal error:  Cannot redeclare currentRole() (previously declared in /var/www/html/FER/config/config.php:43) in /var/www/html/FER/config/config.php on line 43
[23-Jul-2025 09:16:34 UTC] PHP Fatal error:  Cannot redeclare currentRole() (previously declared in /var/www/html/FER/config/config.php:43) in /var/www/html/FER/config/config.php on line 43
[23-Jul-2025 09:17:07 UTC] PHP Fatal error:  Cannot redeclare currentRole() (previously declared in /var/www/html/FER/config/config.php:43) in /var/www/html/FER/config/config.php on line 43
[23-Jul-2025 09:17:26 UTC] PHP Fatal error:  Uncaught Error: Call to undefined function print_f() in /var/www/html/FER/inc/send-mail.php:34
Stack trace:
#0 {main}
  thrown in /var/www/html/FER/inc/send-mail.php on line 34
[23-Jul-2025 09:17:43 UTC] PHP Fatal error:  Uncaught Error: Call to undefined function print_f() in /var/www/html/FER/inc/send-mail.php:34
Stack trace:
#0 {main}
  thrown in /var/www/html/FER/inc/send-mail.php on line 34
[23-Jul-2025 09:18:23 UTC] PHP Fatal error:  Uncaught Error: Call to undefined function print_f() in /var/www/html/FER/inc/send-mail.php:34
Stack trace:
#0 {main}
  thrown in /var/www/html/FER/inc/send-mail.php on line 34
[23-Jul-2025 09:18:43 UTC] PHP Fatal error:  Uncaught Error: Call to undefined function print_f() in /var/www/html/FER/inc/send-mail.php:26
Stack trace:
#0 {main}
  thrown in /var/www/html/FER/inc/send-mail.php on line 26
[23-Jul-2025 09:21:17 UTC] PHP Warning:  Undefined variable $adresses in /var/www/html/FER/inc/send-mail.php on line 40
[23-Jul-2025 09:21:17 UTC] PHP Fatal error:  Uncaught TypeError: array_keys(): Argument #1 ($array) must be of type array, null given in /var/www/html/FER/inc/send-mail.php:40
Stack trace:
#0 /var/www/html/FER/inc/send-mail.php(40): array_keys()
#1 {main}
  thrown in /var/www/html/FER/inc/send-mail.php on line 40
[23-Jul-2025 09:30:00 UTC] PHP Warning:  include_once(../config/Mail_inscription.php): Failed to open stream: No such file or directory in /var/www/html/FER/inc/send-mail.php on line 33
[23-Jul-2025 09:30:00 UTC] PHP Warning:  include_once(): Failed opening '../config/Mail_inscription.php' for inclusion (include_path='.:/usr/share/php') in /var/www/html/FER/inc/send-mail.php on line 33
[23-Jul-2025 09:30:26 UTC] PHP Warning:  Undefined array key "mail_data" in /var/www/html/FER/inc/send-mail.php on line 10
[23-Jul-2025 09:30:26 UTC] PHP Deprecated:  json_decode(): Passing null to parameter #1 ($json) of type string is deprecated in /var/www/html/FER/inc/send-mail.php on line 10
[23-Jul-2025 09:43:45 UTC] PHP Fatal error:  Uncaught Error: Call to undefined function render() in /var/www/html/FER/config/googleMail.php:190
Stack trace:
#0 /var/www/html/FER/inc/send-mail.php(29): sendMail()
#1 {main}
  thrown in /var/www/html/FER/config/googleMail.php on line 190
[23-Jul-2025 12:22:19 UTC] PHP Warning:  Cannot modify header information - headers already sent by (output started at /var/www/html/FER/inc/dashboard.php:29) in /var/www/html/FER/config/config.php on line 50
